<?xml version="1.0" encoding="UTF-8"?>
<!-- Generated by org.testng.reporters.JUnitReportReporter -->
<testsuite skipped="0" hostname="IMRAN-PC" name="com.bitm.SeleniumOnlineProject.Test.FlightFinderTest" tests="2" failures="0" timestamp="2020-07-18T21:28:43 BDT" time="2.649" errors="0">
  <testcase name="flightfinderTest" time="2.646" classname="com.bitm.SeleniumOnlineProject.Test.FlightFinderTest"/>
  <system-out/>
  <testcase name="checkFlightFinderPageTitle" time="0.003" classname="com.bitm.SeleniumOnlineProject.Test.FlightFinderTest"/>
  <system-out/>
</testsuite> <!-- com.bitm.SeleniumOnlineProject.Test.FlightFinderTest -->
