<?xml version="1.0" encoding="UTF-8"?>
<!-- Generated by org.testng.reporters.JUnitReportReporter -->
<testsuite skipped="0" hostname="IMRAN-PC" name="com.bitm.SeleniumOnlineProject.Test.FlightFinderTest" tests="2" failures="0" timestamp="2020-07-18T17:33:50 BDT" time="2.434" errors="0">
  <testcase name="flightfinderTest" time="2.433" classname="com.bitm.SeleniumOnlineProject.Test.FlightFinderTest"/>
  <system-out/>
  <testcase name="checkFlightFinderPageTitle" time="0.001" classname="com.bitm.SeleniumOnlineProject.Test.FlightFinderTest"/>
  <system-out/>
</testsuite> <!-- com.bitm.SeleniumOnlineProject.Test.FlightFinderTest -->
