<?xml version="1.0" encoding="UTF-8"?>
<!-- Generated by org.testng.reporters.JUnitReportReporter -->
<testsuite skipped="0" hostname="IMRAN-PC" name="com.bitm.SeleniumOnlineProject.Utils.DriverManager" tests="1" failures="0" timestamp="2020-07-12T19:58:46 BDT" time="0.014" errors="0">
  <testcase name="TestDrivermanager" time="0.014" classname="com.bitm.SeleniumOnlineProject.Utils.DriverManager"/>
  <system-out/>
</testsuite> <!-- com.bitm.SeleniumOnlineProject.Utils.DriverManager -->
