<?xml version="1.0" encoding="UTF-8"?>
<!-- Generated by org.testng.reporters.JUnitReportReporter -->
<testsuite skipped="0" hostname="IMRAN-PC" name="com.bitm.SeleniumOnlineProject.Test.LoginTest" tests="2" failures="0" timestamp="2020-07-25T20:46:15 BDT" time="10.718" errors="0">
  <testcase name="logintest" time="1.362" classname="com.bitm.SeleniumOnlineProject.Test.LoginTest"/>
  <system-out/>
  <testcase name="checkLoginPageTitle" time="9.356" classname="com.bitm.SeleniumOnlineProject.Test.LoginTest"/>
  <system-out/>
</testsuite> <!-- com.bitm.SeleniumOnlineProject.Test.LoginTest -->
